<?xml version="1.0" encoding="utf-8"?><testsuites name="pytest tests"><testsuite name="pytest" errors="0" failures="0" skipped="0" tests="23" time="3.062" timestamp="2026-05-27T23:32:35.235316+00:00" hostname="agent-env-85dbc88b-36e6-4c97-bfd3-b904d6b2d2b4"><testcase classname="backend.tests.backend_test.TestHealth" name="test_root_health" time="0.185" /><testcase classname="backend.tests.backend_test.TestHealth" name="test_api_health" time="0.070" /><testcase classname="backend.tests.backend_test.TestAuth" name="test_ops_login" time="0.137" /><testcase classname="backend.tests.backend_test.TestAuth" name="test_am_login" time="0.100" /><testcase classname="backend.tests.backend_test.TestAuth" name="test_invalid_login" time="0.057" /><testcase classname="backend.tests.backend_test.TestAuth" name="test_auth_me_ops" time="0.114" /><testcase classname="backend.tests.backend_test.TestAuth" name="test_auth_me_attendant" time="0.130" /><testcase classname="backend.tests.backend_test.TestSchedulesMe" name="test_schedules_me_ops" time="0.073" /><testcase classname="backend.tests.backend_test.TestSchedulesMe" name="test_schedules_me_am" time="0.119" /><testcase classname="backend.tests.backend_test.TestSchedulesMe" name="test_schedules_me_attendant" time="0.055" /><testcase classname="backend.tests.backend_test.TestSchedulesMe" name="test_schedules_team_attendant_forbidden" time="0.054" /><testcase classname="backend.tests.backend_test.TestSchedulesMe" name="test_schedules_team_ops_ok" time="0.131" /><testcase classname="backend.tests.backend_test.TestPunch" name="test_punch_in_out" time="0.187" /><testcase classname="backend.tests.backend_test.TestTimeOff" name="test_attendant_create_request_and_manager_sees_it" time="0.285" /><testcase classname="backend.tests.backend_test.TestTimeOff" name="test_attendant_cannot_view_all_requests" time="0.060" /><testcase classname="backend.tests.backend_test.TestUsersCrudAndBulkDelete" name="test_get_users_ops" time="0.061" /><testcase classname="backend.tests.backend_test.TestUsersCrudAndBulkDelete" name="test_create_and_single_delete" time="0.174" /><testcase classname="backend.tests.backend_test.TestUsersCrudAndBulkDelete" name="test_bulk_delete_two_users" time="0.238" /><testcase classname="backend.tests.backend_test.TestUsersCrudAndBulkDelete" name="test_attendant_cannot_bulk_delete" time="0.190" /><testcase classname="backend.tests.backend_test.TestRooms" name="test_rooms_status_ops" time="0.147" /><testcase classname="backend.tests.backend_test.TestRooms" name="test_room_update_status_ops" time="0.061" /><testcase classname="backend.tests.backend_test.TestReports" name="test_rooms_report" time="0.061" /><testcase classname="backend.tests.backend_test.TestReports" name="test_team_report" time="0.251" /></testsuite></testsuites>