<?xml version="1.0" encoding="utf-8"?><testsuites name="pytest tests"><testsuite name="pytest" errors="0" failures="0" skipped="0" tests="34" time="6.751" timestamp="2026-05-28T00:29:56.666610+00:00" hostname="agent-env-85dbc88b-36e6-4c97-bfd3-b904d6b2d2b4"><testcase classname="backend.tests.backend_test.TestHealth" name="test_root_health" time="0.156" /><testcase classname="backend.tests.backend_test.TestHealth" name="test_api_health" time="0.049" /><testcase classname="backend.tests.backend_test.TestAuth" name="test_ops_login" time="0.281" /><testcase classname="backend.tests.backend_test.TestAuth" name="test_am_login" time="0.276" /><testcase classname="backend.tests.backend_test.TestAuth" name="test_invalid_login" time="0.277" /><testcase classname="backend.tests.backend_test.TestAuth" name="test_auth_me_ops" time="0.325" /><testcase classname="backend.tests.backend_test.TestAuth" name="test_auth_me_attendant" time="0.334" /><testcase classname="backend.tests.backend_test.TestSchedulesMe" name="test_schedules_me_ops" time="0.050" /><testcase classname="backend.tests.backend_test.TestSchedulesMe" name="test_schedules_me_am" time="0.324" /><testcase classname="backend.tests.backend_test.TestSchedulesMe" name="test_schedules_me_attendant" time="0.048" /><testcase classname="backend.tests.backend_test.TestSchedulesMe" name="test_schedules_team_attendant_forbidden" time="0.051" /><testcase classname="backend.tests.backend_test.TestSchedulesMe" name="test_schedules_team_ops_ok" time="0.054" /><testcase classname="backend.tests.backend_test.TestPunch" name="test_punch_in_out" time="0.147" /><testcase classname="backend.tests.backend_test.TestTimeOff" name="test_attendant_create_request_and_manager_sees_it" time="0.142" /><testcase classname="backend.tests.backend_test.TestTimeOff" name="test_attendant_cannot_view_all_requests" time="0.046" /><testcase classname="backend.tests.backend_test.TestUsersCrudAndBulkDelete" name="test_get_users_ops" time="0.064" /><testcase classname="backend.tests.backend_test.TestUsersCrudAndBulkDelete" name="test_create_and_single_delete" time="0.381" /><testcase classname="backend.tests.backend_test.TestUsersCrudAndBulkDelete" name="test_bulk_delete_two_users" time="0.605" /><testcase classname="backend.tests.backend_test.TestUsersCrudAndBulkDelete" name="test_attendant_cannot_bulk_delete" time="0.372" /><testcase classname="backend.tests.backend_test.TestRooms" name="test_rooms_status_ops" time="0.047" /><testcase classname="backend.tests.backend_test.TestRooms" name="test_room_update_status_ops" time="0.061" /><testcase classname="backend.tests.backend_test.TestReports" name="test_rooms_report" time="0.049" /><testcase classname="backend.tests.backend_test.TestReports" name="test_team_report" time="0.046" /><testcase classname="backend.tests.backend_test.TestBcryptMigration" name="test_ops_hash_is_bcrypt_after_login" time="0.009" /><testcase classname="backend.tests.backend_test.TestBcryptMigration" name="test_am_hash_is_bcrypt_after_login" time="0.003" /><testcase classname="backend.tests.backend_test.TestBcryptMigration" name="test_subsequent_login_still_works" time="0.275" /><testcase classname="backend.tests.backend_test.TestBcryptMigration" name="test_wrong_password_returns_401_post_migration" time="0.281" /><testcase classname="backend.tests.backend_test.TestRoleAuditLog" name="test_role_change_creates_audit_entry" time="0.428" /><testcase classname="backend.tests.backend_test.TestRoleAuditLog" name="test_assistant_manager_cannot_change_role" time="0.393" /><testcase classname="backend.tests.backend_test.TestRoleAuditLog" name="test_self_role_change_returns_400" time="0.099" /><testcase classname="backend.tests.backend_test.TestRoleAuditLog" name="test_get_audit_log_chronological" time="0.049" /><testcase classname="backend.tests.backend_test.TestRoleAuditLog" name="test_assistant_manager_cannot_view_audit_log" time="0.048" /><testcase classname="backend.tests.backend_test.TestRoleAuditLog" name="test_attendant_cannot_view_audit_log" time="0.045" /><testcase classname="backend.tests.backend_test.TestRoleAuditLog" name="test_non_role_update_by_assistant_manager_works" time="0.784" /></testsuite></testsuites>